2025-07-21 11:16:44.992 +08:00 INFO  XOutput.Tools.DependencyEmbedder.CurrentDomain_AssemblyResolve: Loading SharpDX.DirectInput.dll from embedded resources
2025-07-21 11:16:45.088 +08:00 INFO  XOutput.Tools.DependencyEmbedder.CurrentDomain_AssemblyResolve: Loading SharpDX.dll from embedded resources
2025-07-21 11:16:45.223 +08:00 INFO  XOutput.UI.Windows.MainWindow..ctor: Starting XOutput in normal window
2025-07-21 11:16:45.347 +08:00 INFO  XOutput.Tools.DependencyEmbedder.CurrentDomain_AssemblyResolve: Loading Hardcodet.Wpf.TaskbarNotification.dll from embedded resources
2025-07-21 11:16:45.715 +08:00 INFO  XOutput.Tools.DependencyEmbedder.CurrentDomain_AssemblyResolve: Loading Newtonsoft.Json.dll from embedded resources
2025-07-21 11:16:45.896 +08:00 INFO  XOutput.Tools.LanguageManager..ctor: Brazilian Portuguese language is loaded.
2025-07-21 11:16:45.896 +08:00 INFO  XOutput.Tools.LanguageManager..ctor: English language is loaded.
2025-07-21 11:16:45.896 +08:00 INFO  XOutput.Tools.LanguageManager..ctor: French language is loaded.
2025-07-21 11:16:45.896 +08:00 INFO  XOutput.Tools.LanguageManager..ctor: German language is loaded.
2025-07-21 11:16:45.896 +08:00 INFO  XOutput.Tools.LanguageManager..ctor: Greek language is loaded.
2025-07-21 11:16:45.896 +08:00 INFO  XOutput.Tools.LanguageManager..ctor: Hungarian language is loaded.
2025-07-21 11:16:45.897 +08:00 INFO  XOutput.Tools.LanguageManager..ctor: Russian language is loaded.
2025-07-21 11:16:45.897 +08:00 INFO  XOutput.Tools.LanguageManager..ctor: Simplified Chinese language is loaded.
2025-07-21 11:16:45.897 +08:00 INFO  XOutput.Tools.LanguageManager..ctor: Spanish language is loaded.
2025-07-21 11:16:45.897 +08:00 INFO  XOutput.Tools.LanguageManager.set_Language: Language is set to English
2025-07-21 11:16:45.944 +08:00 INFO  XOutput.Tools.LanguageManager.set_Language: Language is set to Simplified Chinese
2025-07-21 11:16:45.981 +08:00 INFO  XOutput.UI.Windows.MainWindowViewModel.Initialize: Loading settings was successful.
2025-07-21 11:16:45.983 +08:00 WARN  XOutput.UI.Windows.MainWindowViewModel.Initialize: Not running in elevated mode.
2025-07-21 11:16:45.983 +08:00 INFO  XOutput.Tools.DependencyEmbedder.CurrentDomain_AssemblyResolve: Loading Nefarius.ViGEm.Client.dll from embedded resources
2025-07-21 11:16:46.139 +08:00 ERROR XOutput.UI.Windows.MainWindowViewModel.Initialize: Neither ViGEm nor SCPToolkit is installed.
2025-07-21 11:16:50.887 +08:00 ERROR XOutput.Devices.GameController.CreateXOutput: Neither ViGEm nor SCP devices can be used.
2025-07-21 11:16:50.916 +08:00 INFO  XOutput.UI.Windows.MainWindowViewModel.Initialize: Keyboard controller is connected
2025-07-21 11:16:50.918 +08:00 INFO  XOutput.UI.Windows.MainWindow.Initialize: The application has started.
2025-07-21 11:16:51.783 +08:00 INFO  XOutput.UI.Windows.MainWindowViewModel.VersionCompare: Version is up-to-date
2025-07-21 11:17:08.570 +08:00 INFO  XOutput.UI.Windows.MainWindow.WindowClosed: The application will exit.
