2025-07-21 11:25:32.319 +08:00 INFO  XOutput.Tools.DependencyEmbedder.CurrentDomain_AssemblyResolve: Loading SharpDX.DirectInput.dll from embedded resources
2025-07-21 11:25:32.331 +08:00 INFO  XOutput.Tools.DependencyEmbedder.CurrentDomain_AssemblyResolve: Loading SharpDX.dll from embedded resources
2025-07-21 11:25:32.350 +08:00 INFO  XOutput.UI.Windows.MainWindow..ctor: Starting XOutput in normal window
2025-07-21 11:25:32.398 +08:00 INFO  XOutput.Tools.DependencyEmbedder.CurrentDomain_AssemblyResolve: Loading Hardcodet.Wpf.TaskbarNotification.dll from embedded resources
2025-07-21 11:25:32.518 +08:00 INFO  XOutput.Tools.DependencyEmbedder.CurrentDomain_AssemblyResolve: Loading Newtonsoft.Json.dll from embedded resources
2025-07-21 11:25:32.611 +08:00 INFO  XOutput.Tools.LanguageManager..ctor: Brazilian Portuguese language is loaded.
2025-07-21 11:25:32.611 +08:00 INFO  XOutput.Tools.LanguageManager..ctor: English language is loaded.
2025-07-21 11:25:32.611 +08:00 INFO  XOutput.Tools.LanguageManager..ctor: French language is loaded.
2025-07-21 11:25:32.611 +08:00 INFO  XOutput.Tools.LanguageManager..ctor: German language is loaded.
2025-07-21 11:25:32.611 +08:00 INFO  XOutput.Tools.LanguageManager..ctor: Greek language is loaded.
2025-07-21 11:25:32.611 +08:00 INFO  XOutput.Tools.LanguageManager..ctor: Hungarian language is loaded.
2025-07-21 11:25:32.612 +08:00 INFO  XOutput.Tools.LanguageManager..ctor: Russian language is loaded.
2025-07-21 11:25:32.612 +08:00 INFO  XOutput.Tools.LanguageManager..ctor: Simplified Chinese language is loaded.
2025-07-21 11:25:32.612 +08:00 INFO  XOutput.Tools.LanguageManager..ctor: Spanish language is loaded.
2025-07-21 11:25:32.613 +08:00 INFO  XOutput.Tools.LanguageManager.set_Language: Language is set to English
2025-07-21 11:25:32.656 +08:00 INFO  XOutput.Tools.LanguageManager.set_Language: Language is set to Simplified Chinese
2025-07-21 11:25:32.691 +08:00 INFO  XOutput.UI.Windows.MainWindowViewModel.Initialize: Loading settings was successful.
2025-07-21 11:25:32.692 +08:00 WARN  XOutput.UI.Windows.MainWindowViewModel.Initialize: Not running in elevated mode.
2025-07-21 11:25:32.692 +08:00 INFO  XOutput.Tools.DependencyEmbedder.CurrentDomain_AssemblyResolve: Loading Nefarius.ViGEm.Client.dll from embedded resources
2025-07-21 11:25:32.753 +08:00 INFO  XOutput.Devices.GameController.CreateXOutput: ViGEm devices are used.
2025-07-21 11:25:32.778 +08:00 INFO  XOutput.UI.Windows.MainWindowViewModel.Initialize: Keyboard controller is connected
2025-07-21 11:25:32.780 +08:00 INFO  XOutput.UI.Windows.MainWindow.Initialize: The application has started.
2025-07-21 11:25:33.840 +08:00 INFO  XOutput.UI.Windows.MainWindowViewModel.VersionCompare: Version is up-to-date
2025-07-21 11:25:44.580 +08:00 INFO  XOutput.UI.Windows.MainWindow.WindowClosed: The application will exit.
